0 info it worked if it ends with ok
1 verbose cli [ 'E:\\Program Files\\nodejs\\node.exe',
1 verbose cli   'C:\\Users\\Administrator\\AppData\\Roaming\\npm\\node_modules\\cnpm\\node_modules\\npm\\bin\\npm-cli.js',
1 verbose cli   '--userconfig=C:\\Users\\Administrator\\.cnpmrc',
1 verbose cli   '--disturl=https://npm.taobao.org/mirrors/node',
1 verbose cli   '--registry=https://registry.npm.taobao.org',
1 verbose cli   'run',
1 verbose cli   'mock' ]
2 info using npm@3.10.10
3 info using node@v8.1.4
4 verbose run-script [ 'premock', 'mock', 'postmock' ]
5 info lifecycle film-site@1.0.0~premock: film-site@1.0.0
6 silly lifecycle film-site@1.0.0~premock: no script for premock, continuing
7 info lifecycle film-site@1.0.0~mock: film-site@1.0.0
8 verbose lifecycle film-site@1.0.0~mock: unsafe-perm in lifecycle true
9 verbose lifecycle film-site@1.0.0~mock: PATH: C:\Users\Administrator\AppData\Roaming\npm\node_modules\cnpm\node_modules\npm\bin\node-gyp-bin;G:\loginIn-Out\node_modules\.bin;C:\Windows\system32;C:\Windows;C:\Windows\System32\Wbem;C:\Windows\System32\WindowsPowerShell\v1.0\;e:\Program Files\Git\bin;E:\Program Files\nodejs\;C:\Users\Administrator\AppData\Roaming\npm
10 verbose lifecycle film-site@1.0.0~mock: CWD: G:\loginIn-Out
11 silly lifecycle film-site@1.0.0~mock: Args: [ '/d /s /c', 'node --harmony ./mock/server.js' ]
12 silly lifecycle film-site@1.0.0~mock: Returned: code: 1  signal: null
13 info lifecycle film-site@1.0.0~mock: Failed to exec mock script
14 verbose stack Error: film-site@1.0.0 mock: `node --harmony ./mock/server.js`
14 verbose stack Exit status 1
14 verbose stack     at EventEmitter.<anonymous> (C:\Users\Administrator\AppData\Roaming\npm\node_modules\cnpm\node_modules\npm\lib\utils\lifecycle.js:255:16)
14 verbose stack     at emitTwo (events.js:125:13)
14 verbose stack     at EventEmitter.emit (events.js:213:7)
14 verbose stack     at ChildProcess.<anonymous> (C:\Users\Administrator\AppData\Roaming\npm\node_modules\cnpm\node_modules\npm\lib\utils\spawn.js:40:14)
14 verbose stack     at emitTwo (events.js:125:13)
14 verbose stack     at ChildProcess.emit (events.js:213:7)
14 verbose stack     at maybeClose (internal/child_process.js:897:16)
14 verbose stack     at Process.ChildProcess._handle.onexit (internal/child_process.js:208:5)
15 verbose pkgid film-site@1.0.0
16 verbose cwd G:\loginIn-Out
17 error Windows_NT 6.1.7601
18 error argv "E:\\Program Files\\nodejs\\node.exe" "C:\\Users\\Administrator\\AppData\\Roaming\\npm\\node_modules\\cnpm\\node_modules\\npm\\bin\\npm-cli.js" "--userconfig=C:\\Users\\Administrator\\.cnpmrc" "--disturl=https://npm.taobao.org/mirrors/node" "--registry=https://registry.npm.taobao.org" "run" "mock"
19 error node v8.1.4
20 error npm  v3.10.10
21 error code ELIFECYCLE
22 error film-site@1.0.0 mock: `node --harmony ./mock/server.js`
22 error Exit status 1
23 error Failed at the film-site@1.0.0 mock script 'node --harmony ./mock/server.js'.
23 error Make sure you have the latest version of node.js and npm installed.
23 error If you do, this is most likely a problem with the film-site package,
23 error not with npm itself.
23 error Tell the author that this fails on your system:
23 error     node --harmony ./mock/server.js
23 error You can get information on how to open an issue for this project with:
23 error     npm bugs film-site
23 error Or if that isn't available, you can get their info via:
23 error     npm owner ls film-site
23 error There is likely additional logging output above.
24 verbose exit [ 1, true ]
